RUN	com.performance.tests.TC5_DELETE_STUDENT	tc5-delete-student	1685537459725	 	3.5.1
USER	Deleting the student record	START	1685537461559
USER	Deleting the student record	START	1685537462048
USER	Deleting the student record	START	1685537462548
USER	Deleting the student record	START	1685537463049
USER	Deleting the student record	START	1685537463550
USER	Deleting the student record	START	1685537464042
REQUEST		DELETE STUDENT	1685537463049	1685537464084	OK	 
REQUEST		DELETE STUDENT	1685537463550	1685537464066	OK	 
USER	Deleting the student record	END	1685537464097
USER	Deleting the student record	END	1685537464097
REQUEST		DELETE STUDENT	1685537462048	1685537464066	KO	status.find.is(200), but actually found 500
REQUEST		DELETE STUDENT	1685537461586	1685537464066	KO	status.find.is(200), but actually found 500
REQUEST		DELETE STUDENT	1685537462549	1685537464066	KO	status.find.is(200), but actually found 500
USER	Deleting the student record	END	1685537464111
USER	Deleting the student record	END	1685537464111
USER	Deleting the student record	END	1685537464111
REQUEST		DELETE STUDENT	1685537464042	1685537464146	OK	 
USER	Deleting the student record	END	1685537464148
USER	Deleting the student record	START	1685537464543
REQUEST		DELETE STUDENT	1685537464543	1685537464651	OK	 
USER	Deleting the student record	END	1685537464652
USER	Deleting the student record	START	1685537465042
REQUEST		DELETE STUDENT	1685537465043	1685537465146	OK	 
USER	Deleting the student record	END	1685537465147
USER	Deleting the student record	START	1685537465542
REQUEST		DELETE STUDENT	1685537465542	1685537465643	OK	 
USER	Deleting the student record	END	1685537465644
USER	Deleting the student record	START	1685537466043
REQUEST		DELETE STUDENT	1685537466043	1685537466136	OK	 
USER	Deleting the student record	END	1685537466137
USER	Deleting the student record	START	1685537466543
REQUEST		DELETE STUDENT	1685537466544	1685537466648	OK	 
USER	Deleting the student record	END	1685537466649
USER	Deleting the student record	START	1685537467042
REQUEST		DELETE STUDENT	1685537467042	1685537467141	OK	 
USER	Deleting the student record	END	1685537467142
USER	Deleting the student record	START	1685537467542
REQUEST		DELETE STUDENT	1685537467543	1685537467723	OK	 
USER	Deleting the student record	END	1685537467724
USER	Deleting the student record	START	1685537468043
REQUEST		DELETE STUDENT	1685537468043	1685537468224	OK	 
USER	Deleting the student record	END	1685537468225
USER	Deleting the student record	START	1685537468543
REQUEST		DELETE STUDENT	1685537468544	1685537468640	OK	 
USER	Deleting the student record	END	1685537468640
USER	Deleting the student record	START	1685537469043
REQUEST		DELETE STUDENT	1685537469044	1685537469157	OK	 
USER	Deleting the student record	END	1685537469158
USER	Deleting the student record	START	1685537469543
REQUEST		DELETE STUDENT	1685537469543	1685537469642	OK	 
USER	Deleting the student record	END	1685537469643
USER	Deleting the student record	START	1685537470042
REQUEST		DELETE STUDENT	1685537470043	1685537470147	OK	 
USER	Deleting the student record	END	1685537470148
USER	Deleting the student record	START	1685537470561
REQUEST		DELETE STUDENT	1685537470561	1685537470761	OK	 
USER	Deleting the student record	END	1685537470762
USER	Deleting the student record	START	1685537471044
REQUEST		DELETE STUDENT	1685537471044	1685537471148	OK	 
USER	Deleting the student record	END	1685537471150
