RUN	com.performance.tests.TC19_TRANSACTIONS_MULTIPLE_SCENARIOS	tc19-transactions-multiple-scenarios	1686225725009	PERFORMANCE_TEST_REPORT	3.5.1
USER	SCENARIO3-PUT-APIs	START	1686225726493
USER	SCENARIO4-DELETE-APIs	START	1686225726499
USER	SCENARIO2-POST-APIs	START	1686225726492
USER	SCENARIO3-PUT-APIs	START	1686225726498
USER	SCENARIO4-DELETE-APIs	START	1686225726497
USER	SCENARIO2-POST-APIs	START	1686225726489
USER	SCENARIO4-DELETE-APIs	START	1686225726500
USER	SCENARIO1-GET-APIs	START	1686225726489
USER	SCENARIO4-DELETE-APIs	START	1686225726498
USER	SCENARIO3-PUT-APIs	START	1686225726494
REQUEST		GET-LIST OF USERS	1686225726645	1686225726918	OK	 
REQUEST		DELETE USER	1686225726646	1686225727227	OK	 
REQUEST		POST-CREATE USER	1686225726645	1686225727230	OK	 
REQUEST		DELETE USER	1686225726645	1686225727244	OK	 
USER	SCENARIO4-DELETE-APIs	END	1686225727248
USER	SCENARIO2-POST-APIs	END	1686225727248
USER	SCENARIO4-DELETE-APIs	END	1686225727248
REQUEST		PUT-UPDATE USER	1686225726645	1686225727260	OK	 
USER	SCENARIO3-PUT-APIs	END	1686225727262
REQUEST		POST-CREATE USER	1686225726646	1686225727277	OK	 
USER	SCENARIO2-POST-APIs	END	1686225727279
REQUEST		PUT-UPDATE USER	1686225726644	1686225727280	OK	 
USER	SCENARIO3-PUT-APIs	END	1686225727281
REQUEST		DELETE USER	1686225726645	1686225727287	OK	 
REQUEST		PUT-UPDATE USER	1686225726644	1686225727298	OK	 
REQUEST		DELETE USER	1686225726645	1686225727300	OK	 
USER	SCENARIO4-DELETE-APIs	END	1686225727288
USER	SCENARIO3-PUT-APIs	END	1686225727300
USER	SCENARIO4-DELETE-APIs	END	1686225727301
REQUEST		GET-SINGLE USER	1686225730965	1686225731381	OK	 
USER	SCENARIO1-GET-APIs	END	1686225731383
