RUN	com.performance.tests.TC19_TRANSACTIONS_MULTIPLE_SCENARIOS	tc19-transactions-multiple-scenarios	1686311980907	PERFORMANCE_TEST_REPORT	3.5.1
USER	SCENARIO4-DELETE-APIs	START	1686311982118
USER	SCENARIO2-POST-APIs	START	1686311982117
USER	SCENARIO4-DELETE-APIs	START	1686311982117
USER	SCENARIO2-POST-APIs	START	1686311982117
USER	SCENARIO3-PUT-APIs	START	1686311982117
USER	SCENARIO1-GET-APIs	START	1686311982117
USER	SCENARIO3-PUT-APIs	START	1686311982117
USER	SCENARIO4-DELETE-APIs	START	1686311982118
USER	SCENARIO4-DELETE-APIs	START	1686311982118
USER	SCENARIO3-PUT-APIs	START	1686311982117
REQUEST		GET-LIST OF USERS	1686311982224	1686311982405	OK	 
REQUEST		DELETE USER	1686311982224	1686311982669	OK	 
USER	SCENARIO4-DELETE-APIs	END	1686311982672
REQUEST		POST-CREATE USER	1686311982223	1686311982683	OK	 
USER	SCENARIO2-POST-APIs	END	1686311982685
REQUEST		PUT-UPDATE USER	1686311982224	1686311982703	OK	 
USER	SCENARIO3-PUT-APIs	END	1686311982703
REQUEST		PUT-UPDATE USER	1686311982224	1686311982714	OK	 
REQUEST		PUT-UPDATE USER	1686311982223	1686311982714	OK	 
USER	SCENARIO3-PUT-APIs	END	1686311982715
USER	SCENARIO3-PUT-APIs	END	1686311982715
REQUEST		DELETE USER	1686311982223	1686311982722	OK	 
USER	SCENARIO4-DELETE-APIs	END	1686311982723
REQUEST		DELETE USER	1686311982223	1686311982726	OK	 
USER	SCENARIO4-DELETE-APIs	END	1686311982728
REQUEST		POST-CREATE USER	1686311982223	1686311982729	OK	 
USER	SCENARIO2-POST-APIs	END	1686311982730
REQUEST		DELETE USER	1686311982223	1686311982731	OK	 
USER	SCENARIO4-DELETE-APIs	END	1686311982732
REQUEST		GET-SINGLE USER	1686311986441	1686311986452	OK	 
USER	SCENARIO1-GET-APIs	END	1686311986453
