RUN	com.performance.tests.TC19_TRANSACTIONS_MULTIPLE_SCENARIOS	tc19-transactions-multiple-scenarios	1686146949740	PERFORMANCE_TEST_REPORT	3.5.1
USER	SCENARIO3-PUT-APIs	START	1686146950775
USER	SCENARIO4-DELETE-APIs	START	1686146950775
USER	SCENARIO3-PUT-APIs	START	1686146950775
USER	SCENARIO4-DELETE-APIs	START	1686146950775
USER	SCENARIO1-GET-APIs	START	1686146950775
USER	SCENARIO4-DELETE-APIs	START	1686146950775
USER	SCENARIO2-POST-APIs	START	1686146950775
USER	SCENARIO4-DELETE-APIs	START	1686146950775
USER	SCENARIO3-PUT-APIs	START	1686146950775
USER	SCENARIO2-POST-APIs	START	1686146950775
REQUEST		GET-LIST OF USERS	1686146950856	1686146951021	OK	 
REQUEST		POST-CREATE USER	1686146950856	1686146951320	OK	 
REQUEST		PUT-UPDATE USER	1686146950856	1686146951324	OK	 
USER	SCENARIO2-POST-APIs	END	1686146951326
USER	SCENARIO3-PUT-APIs	END	1686146951326
REQUEST		PUT-UPDATE USER	1686146950856	1686146951329	OK	 
USER	SCENARIO3-PUT-APIs	END	1686146951330
REQUEST		DELETE USER	1686146950856	1686146951329	OK	 
USER	SCENARIO4-DELETE-APIs	END	1686146951331
REQUEST		DELETE USER	1686146950856	1686146951331	OK	 
USER	SCENARIO4-DELETE-APIs	END	1686146951332
REQUEST		DELETE USER	1686146950856	1686146951365	OK	 
USER	SCENARIO4-DELETE-APIs	END	1686146951365
REQUEST		DELETE USER	1686146950856	1686146951369	OK	 
USER	SCENARIO4-DELETE-APIs	END	1686146951369
REQUEST		PUT-UPDATE USER	1686146950856	1686146951393	OK	 
USER	SCENARIO3-PUT-APIs	END	1686146951395
REQUEST		POST-CREATE USER	1686146950856	1686146951458	OK	 
USER	SCENARIO2-POST-APIs	END	1686146951460
REQUEST		GET-SINGLE USER	1686146955066	1686146955113	OK	 
USER	SCENARIO1-GET-APIs	END	1686146955114
