RUN	com.performance.tests.TC19_TRANSACTIONS_MULTIPLE_SCENARIOS	tc19-transactions-multiple-scenarios	1686057998666	 	3.5.1
USER	SCENARIO2-POST-APIs	START	1686057999788
USER	SCENARIO3-PUT-APIs	START	1686057999790
USER	SCENARIO4-DELETE-APIs	START	1686057999796
USER	SCENARIO2-POST-APIs	START	1686057999788
USER	SCENARIO4-DELETE-APIs	START	1686057999795
USER	SCENARIO4-DELETE-APIs	START	1686057999791
USER	SCENARIO4-DELETE-APIs	START	1686057999792
USER	SCENARIO1-GET-APIs	START	1686057999788
USER	SCENARIO3-PUT-APIs	START	1686057999788
USER	SCENARIO3-PUT-APIs	START	1686057999789
REQUEST		GET-LIST OF USERS	1686057999873	1686058000177	OK	 
REQUEST		PUT-UPDATE USER	1686057999873	1686058000355	OK	 
REQUEST		DELETE USER	1686057999873	1686058000358	OK	 
USER	SCENARIO3-PUT-APIs	END	1686058000364
USER	SCENARIO4-DELETE-APIs	END	1686058000364
REQUEST		PUT-UPDATE USER	1686057999873	1686058000371	OK	 
USER	SCENARIO3-PUT-APIs	END	1686058000372
REQUEST		DELETE USER	1686057999873	1686058000405	OK	 
USER	SCENARIO4-DELETE-APIs	END	1686058000406
REQUEST		DELETE USER	1686057999873	1686058000419	OK	 
USER	SCENARIO4-DELETE-APIs	END	1686058000420
REQUEST		POST-CREATE USER	1686057999873	1686058000479	OK	 
USER	SCENARIO2-POST-APIs	END	1686058000481
REQUEST		POST-CREATE USER	1686057999873	1686058000505	OK	 
USER	SCENARIO2-POST-APIs	END	1686058000506
REQUEST		PUT-UPDATE USER	1686057999873	1686058000511	OK	 
USER	SCENARIO3-PUT-APIs	END	1686058000512
REQUEST		DELETE USER	1686057999873	1686058000524	OK	 
USER	SCENARIO4-DELETE-APIs	END	1686058000525
REQUEST		GET-SINGLE USER	1686058004217	1686058004285	OK	 
USER	SCENARIO1-GET-APIs	END	1686058004287
